<?xml version="1.0" encoding="UTF-8"?>
<!-- Generated by org.testng.reporters.JUnitXMLReporter -->
<testsuite ignored="0" hostname="Home-pc" failures="0" tests="8" name="Surefire test" time="52.583" errors="0" timestamp="2023-08-03T15:10:01 IST">
  <testcase classname="com.mAadhar.testing.LoginServiceTest" name="signInTest" time="6.319"/>
  <testcase classname="com.mAadhar.testing.LoginServiceTest" name="signUpTest" time="2.317"/>
  <testcase classname="com.mAadhar.testing.RequestServiceTest" name="approveRequestTest" time="2.389"/>
  <testcase classname="com.mAadhar.testing.RequestServiceTest" name="denyRequestTest" time="0.538"/>
  <testcase classname="com.mAadhar.testing.RequestServiceTest" name="getAllRequestsTest" time="0.362"/>
  <testcase classname="com.mAadhar.testing.RequestServiceTest" name="storeRequestTest" time="0.475"/>
  <testcase classname="com.mAadhar.testing.RequestServiceTest" name="updateAdharTest" time="0.392"/>
  <testcase classname="com.mAadhar.testing.RequestServiceTest" name="viewmyAdharTest" time="0.362"/>
</testsuite> <!-- Surefire test -->
