<?xml version="1.0" encoding="UTF-8"?>
<testng-results ignored="0" total="1" passed="1" failed="0" skipped="0">
  <reporter-output>
  </reporter-output>
  <suite started-at="2023-07-21T18:56:26 IST" name="Default suite" finished-at="2023-07-21T18:57:16 IST" duration-ms="49430">
    <groups>
    </groups>
    <test started-at="2023-07-21T18:56:26 IST" name="Default test" finished-at="2023-07-21T18:57:16 IST" duration-ms="49430">
      <class name="com.ecommerce.test.RegistrationOracle">
        <test-method is-config="true" signature="beforeMethod()[pri:0, instance:com.ecommerce.test.RegistrationOracle@537f60bf]" started-at="2023-07-21T18:56:26 IST" name="beforeMethod" finished-at="2023-07-21T18:56:36 IST" duration-ms="9366" status="PASS">
          <reporter-output>
          </reporter-output>
        </test-method> <!-- beforeMethod -->
        <test-method signature="Oracle()[pri:0, instance:com.ecommerce.test.RegistrationOracle@537f60bf]" started-at="2023-07-21T18:56:36 IST" name="Oracle" finished-at="2023-07-21T18:57:16 IST" duration-ms="39794" status="PASS">
          <reporter-output>
          </reporter-output>
        </test-method> <!-- Oracle -->
        <test-method is-config="true" signature="afterMethod()[pri:0, instance:com.ecommerce.test.RegistrationOracle@537f60bf]" started-at="2023-07-21T18:57:16 IST" name="afterMethod" finished-at="2023-07-21T18:57:16 IST" duration-ms="4" status="PASS">
          <reporter-output>
          </reporter-output>
        </test-method> <!-- afterMethod -->
      </class> <!-- com.ecommerce.test.RegistrationOracle -->
    </test> <!-- Default test -->
  </suite> <!-- Default suite -->
</testng-results>
