<?xml version="1.0" encoding="UTF-8"?>
<testsuite xmlns:xsi="http://www.w3.org/2001/XMLSchema-instance" xsi:noNamespaceSchemaLocation="https://maven.apache.org/surefire/maven-surefire-plugin/xsd/surefire-test-report.xsd" name="TestSuite" time="57.35" tests="8" errors="0" skipped="0" failures="0">
  <properties>
[...]
</properties>
  <testcase name="signInTest" classname="com.mAadhar.testing.LoginServiceTest" time="6.346"/>
  <testcase name="signUpTest" classname="com.mAadhar.testing.LoginServiceTest" time="2.281"/>
  <testcase name="approveRequestTest" classname="com.mAadhar.testing.RequestServiceTest" time="2.386"/>
  <testcase name="denyRequestTest" classname="com.mAadhar.testing.RequestServiceTest" time="0.539"/>
  <testcase name="getAllRequestsTest" classname="com.mAadhar.testing.RequestServiceTest" time="0.362"/>
  <testcase name="storeRequestTest" classname="com.mAadhar.testing.RequestServiceTest" time="0.477"/>
  <testcase name="updateAdharTest" classname="com.mAadhar.testing.RequestServiceTest" time="0.391"/>
  <testcase name="viewmyAdharTest" classname="com.mAadhar.testing.RequestServiceTest" time="0.363"/>
</testsuite>