<?xml version="1.0" encoding="UTF-8"?>
<testng-results ignored="0" total="8" passed="8" failed="0" skipped="0">
  <reporter-output>
  </reporter-output>
  <suite started-at="2023-08-03T15:09:08 IST" name="Surefire suite" finished-at="2023-08-03T15:10:01 IST" duration-ms="52583">
    <groups>
    </groups>
    <test started-at="2023-08-03T15:09:08 IST" name="Surefire test" finished-at="2023-08-03T15:10:01 IST" duration-ms="52583">
      <class name="com.mAadhar.testing.LoginServiceTest">
        <test-method is-config="true" signature="config()[pri:0, instance:com.mAadhar.testing.LoginServiceTest@5d534f5d]" started-at="2023-08-03T15:09:08 IST" name="config" finished-at="2023-08-03T15:09:27 IST" duration-ms="19247" status="PASS">
          <reporter-output>
          </reporter-output>
        </test-method> <!-- config -->
        <test-method signature="signInTest()[pri:0, instance:com.mAadhar.testing.LoginServiceTest@5d534f5d]" started-at="2023-08-03T15:09:37 IST" name="signInTest" finished-at="2023-08-03T15:09:43 IST" duration-ms="6319" status="PASS">
          <reporter-output>
          </reporter-output>
        </test-method> <!-- signInTest -->
        <test-method signature="signUpTest()[pri:0, instance:com.mAadhar.testing.LoginServiceTest@5d534f5d]" started-at="2023-08-03T15:09:43 IST" name="signUpTest" finished-at="2023-08-03T15:09:45 IST" duration-ms="2317" status="PASS">
          <reporter-output>
          </reporter-output>
        </test-method> <!-- signUpTest -->
        <test-method is-config="true" signature="afterClass()[pri:0, instance:com.mAadhar.testing.LoginServiceTest@5d534f5d]" started-at="2023-08-03T15:09:50 IST" name="afterClass" finished-at="2023-08-03T15:09:55 IST" duration-ms="5495" status="PASS">
          <reporter-output>
          </reporter-output>
        </test-method> <!-- afterClass -->
      </class> <!-- com.mAadhar.testing.LoginServiceTest -->
      <class name="com.mAadhar.testing.RequestServiceTest">
        <test-method is-config="true" signature="config()[pri:0, instance:com.mAadhar.testing.RequestServiceTest@52719fb6]" started-at="2023-08-03T15:09:27 IST" name="config" finished-at="2023-08-03T15:09:37 IST" duration-ms="9245" status="PASS">
          <reporter-output>
          </reporter-output>
        </test-method> <!-- config -->
        <test-method signature="approveRequestTest()[pri:0, instance:com.mAadhar.testing.RequestServiceTest@52719fb6]" started-at="2023-08-03T15:09:45 IST" name="approveRequestTest" finished-at="2023-08-03T15:09:48 IST" duration-ms="2389" status="PASS">
          <reporter-output>
          </reporter-output>
        </test-method> <!-- approveRequestTest -->
        <test-method signature="denyRequestTest()[pri:0, instance:com.mAadhar.testing.RequestServiceTest@52719fb6]" started-at="2023-08-03T15:09:48 IST" name="denyRequestTest" finished-at="2023-08-03T15:09:48 IST" duration-ms="538" status="PASS">
          <reporter-output>
          </reporter-output>
        </test-method> <!-- denyRequestTest -->
        <test-method signature="getAllRequestsTest()[pri:0, instance:com.mAadhar.testing.RequestServiceTest@52719fb6]" started-at="2023-08-03T15:09:48 IST" name="getAllRequestsTest" finished-at="2023-08-03T15:09:49 IST" duration-ms="362" status="PASS">
          <reporter-output>
          </reporter-output>
        </test-method> <!-- getAllRequestsTest -->
        <test-method signature="storeRequestTest()[pri:0, instance:com.mAadhar.testing.RequestServiceTest@52719fb6]" started-at="2023-08-03T15:09:49 IST" name="storeRequestTest" finished-at="2023-08-03T15:09:49 IST" duration-ms="475" status="PASS">
          <reporter-output>
          </reporter-output>
        </test-method> <!-- storeRequestTest -->
        <test-method signature="updateAdharTest()[pri:0, instance:com.mAadhar.testing.RequestServiceTest@52719fb6]" started-at="2023-08-03T15:09:49 IST" name="updateAdharTest" finished-at="2023-08-03T15:09:50 IST" duration-ms="392" status="PASS">
          <reporter-output>
          </reporter-output>
        </test-method> <!-- updateAdharTest -->
        <test-method signature="viewmyAdharTest()[pri:0, instance:com.mAadhar.testing.RequestServiceTest@52719fb6]" started-at="2023-08-03T15:09:50 IST" name="viewmyAdharTest" finished-at="2023-08-03T15:09:50 IST" duration-ms="362" status="PASS">
          <reporter-output>
          </reporter-output>
        </test-method> <!-- viewmyAdharTest -->
        <test-method is-config="true" signature="afterClass()[pri:0, instance:com.mAadhar.testing.RequestServiceTest@52719fb6]" started-at="2023-08-03T15:09:55 IST" name="afterClass" finished-at="2023-08-03T15:10:01 IST" duration-ms="5295" status="PASS">
          <reporter-output>
          </reporter-output>
        </test-method> <!-- afterClass -->
      </class> <!-- com.mAadhar.testing.RequestServiceTest -->
    </test> <!-- Surefire test -->
  </suite> <!-- Surefire suite -->
</testng-results>
